{
  "RSpec": {
    "coverage": {
      "/Users/richa/Desktop/Craftsy/Crafty/spec/features/add_user_signin_pages_spec.rb": [
        1,
        null,
        1,
        null,
        1,
        1,
        1,
        1,
        1,
        1,
        1,
        1,
        null,
        null,
        1,
        1,
        1,
        1,
        1,
        1,
        1,
        1,
        null,
        null,
        1,
        1,
        1,
        1,
        1,
        1,
        1,
        1,
        1,
        null,
        null,
        null
      ],
      "/Users/richa/Desktop/Craftsy/Crafty/spec/rails_helper.rb": [
        null,
        1,
        1,
        1,
        null,
        1,
        1,
        1,
        null,
        null,
        null,
        null,
        null,
        null,
        null,
        null,
        null,
        null,
        null,
        null,
        null,
        null,
        null,
        null,
        null,
        null,
        null,
        1,
        null,
        1,
        null,
        1,
        null,
        null,
        null,
        null,
        1,
        null,
        null,
        null,
        null,
        null,
        null,
        null,
        null,
        null,
        null,
        null,
        null,
        null,
        null,
        1,
        null,
        null,
        1,
        null,
        null,
        null,
        null,
        1,
        1,
        1,
        1,
        null,
        null
      ],
      "/Users/richa/Desktop/Craftsy/Crafty/config/environment.rb": [
        null,
        1,
        null,
        null,
        1
      ],
      "/Users/richa/Desktop/Craftsy/Crafty/config/application.rb": [
        1,
        null,
        1,
        null,
        1,
        1,
        1,
        1,
        1,
        1,
        1,
        1,
        null,
        null,
        null,
        null,
        1,
        null,
        1,
        1,
        null,
        null,
        null,
        null,
        null,
        null,
        null,
        1,
        null,
        null
      ],
      "/Users/richa/Desktop/Craftsy/Crafty/config/boot.rb": [
        1,
        null,
        1
      ],
      "/Users/richa/Desktop/Craftsy/Crafty/config/environments/test.rb": [
        1,
        null,
        null,
        null,
        null,
        null,
        null,
        1,
        null,
        null,
        null,
        null,
        1,
        null,
        null,
        1,
        1,
        null,
        null,
        null,
        null,
        1,
        1,
        null,
        null,
        1,
        null,
        null,
        1,
        1,
        null,
        null,
        null,
        null,
        1,
        null,
        null,
        1,
        null,
        null,
        null,
        null
      ],
      "/Users/richa/Desktop/Craftsy/Crafty/config/initializers/application_controller_renderer.rb": [
        null,
        null,
        null,
        null,
        null,
        null,
        null,
        null
      ],
      "/Users/richa/Desktop/Craftsy/Crafty/config/initializers/assets.rb": [
        null,
        null,
        null,
        1,
        null,
        null,
        null,
        null,
        1,
        null,
        null,
        null,
        null,
        null
      ],
      "/Users/richa/Desktop/Craftsy/Crafty/config/initializers/backtrace_silencers.rb": [
        null,
        null,
        null,
        null,
        null,
        null,
        null
      ],
      "/Users/richa/Desktop/Craftsy/Crafty/config/initializers/cookies_serializer.rb": [
        null,
        null,
        null,
        null,
        1
      ],
      "/Users/richa/Desktop/Craftsy/Crafty/config/initializers/filter_parameter_logging.rb": [
        null,
        null,
        null,
        1
      ],
      "/Users/richa/Desktop/Craftsy/Crafty/config/initializers/inflections.rb": [
        null,
        null,
        null,
        null,
        null,
        null,
        null,
        null,
        null,
        null,
        null,
        null,
        null,
        null,
        null,
        null
      ],
      "/Users/richa/Desktop/Craftsy/Crafty/config/initializers/mime_types.rb": [
        null,
        null,
        null,
        null
      ],
      "/Users/richa/Desktop/Craftsy/Crafty/config/initializers/rails_admin.rb": [
        1,
        null,
        null,
        null,
        null,
        null,
        null,
        null,
        null,
        null,
        null,
        null,
        null,
        null,
        null,
        null,
        null,
        null,
        null,
        null,
        null,
        null,
        null,
        null,
        null,
        1,
        1,
        1,
        1,
        1,
        1,
        1,
        1,
        1,
        1,
        null,
        null,
        null,
        null,
        null,
        null
      ],
      "/Users/richa/Desktop/Craftsy/Crafty/config/initializers/wrap_parameters.rb": [
        null,
        null,
        null,
        null,
        null,
        null,
        1,
        2,
        null,
        null,
        null,
        null,
        null,
        null
      ],
      "/Users/richa/Desktop/Craftsy/Crafty/spec/factories.rb": [
        1,
        1,
        1,
        1,
        1,
        1,
        null,
        null
      ],
      "/Users/richa/Desktop/Craftsy/Crafty/config/routes.rb": [
        1,
        1,
        null,
        1,
        1,
        1,
        null,
        1,
        1,
        1,
        null,
        1,
        1,
        1,
        null,
        null
      ],
      "/Users/richa/Desktop/Craftsy/Crafty/app/helpers/application_helper.rb": [
        1,
        null
      ],
      "/Users/richa/Desktop/Craftsy/Crafty/app/models/user.rb": [
        1,
        1,
        1,
        1,
        1,
        1,
        1,
        null,
        1,
        12,
        12,
        null,
        null,
        1,
        4,
        4,
        3,
        null,
        null,
        null,
        null,
        null,
        null,
        null
      ],
      "/Users/richa/Desktop/Craftsy/Crafty/spec/features/add_user_signout_pages_spec.rb": [
        1,
        null,
        1,
        null,
        1,
        1,
        1,
        1,
        1,
        1,
        1,
        1,
        1,
        null,
        null,
        null
      ],
      "/Users/richa/Desktop/Craftsy/Crafty/spec/features/add_user_signup_pages_spec.rb": [
        1,
        null,
        1,
        null,
        1,
        1,
        1,
        1,
        1,
        1,
        1,
        1,
        1,
        null,
        null,
        1,
        1,
        1,
        1,
        1,
        1,
        1,
        1,
        1,
        null,
        null,
        1,
        1,
        1,
        1,
        1,
        1,
        1,
        1,
        1,
        1,
        null,
        null,
        null
      ],
      "/Users/richa/Desktop/Craftsy/Crafty/spec/models/craft_spec.rb": [
        1,
        null,
        1,
        2,
        2,
        2,
        2,
        null
      ],
      "/Users/richa/Desktop/Craftsy/Crafty/app/models/craft.rb": [
        1,
        1,
        1,
        1,
        null
      ],
      "/Users/richa/Desktop/Craftsy/Crafty/spec/models/review_spec.rb": [
        1,
        null,
        1,
        2,
        2,
        2,
        2,
        2,
        null
      ],
      "/Users/richa/Desktop/Craftsy/Crafty/app/models/review.rb": [
        1,
        1,
        1,
        1,
        null
      ],
      "/Users/richa/Desktop/Craftsy/Crafty/spec/models/user_spec.rb": [
        1,
        null,
        1,
        2,
        2,
        2,
        2,
        1,
        1,
        1,
        null,
        null,
        1,
        1,
        1,
        null,
        null,
        1,
        1,
        1,
        null,
        null,
        1,
        1,
        1,
        null,
        null
      ],
      "/Users/richa/Desktop/Craftsy/Crafty/app/controllers/crafts_controller.rb": [
        1,
        null,
        1,
        15,
        null,
        null,
        1,
        0,
        0,
        null,
        null,
        null,
        null
      ],
      "/Users/richa/Desktop/Craftsy/Crafty/app/controllers/application_controller.rb": [
        1,
        1,
        1,
        null,
        1,
        31,
        14,
        null,
        null,
        null
      ],
      "/Users/richa/Desktop/Craftsy/Crafty/app/controllers/sessions_controller.rb": [
        1,
        1,
        6,
        1,
        null,
        null,
        1,
        4,
        4,
        3,
        3,
        3,
        0,
        null,
        3,
        null,
        null,
        1,
        1,
        null,
        null,
        null,
        1,
        1,
        1,
        1,
        null,
        null
      ],
      "/Users/richa/Desktop/Craftsy/Crafty/app/controllers/users_controller.rb": [
        1,
        null,
        1,
        5,
        1,
        null,
        4,
        null,
        null,
        null,
        1,
        3,
        3,
        2,
        2,
        2,
        0,
        null,
        2,
        null,
        null,
        1,
        1,
        null,
        null,
        null,
        1,
        null,
        1,
        3,
        null,
        null
      ]
    },
    "timestamp": 1512187574
  }
}
